<?xml version="1.0" encoding="UTF-8"?>
<!-- Generated by org.testng.reporters.JUnitReportReporter -->
<testsuite hostname="DESKTOP-SML2652" failures="0" tests="1" name="Assignment.Fitpeo_TestCase" time="143.331" errors="0" timestamp="2024-11-23T20:00:28 IST" skipped="0">
  <testcase classname="Assignment.Fitpeo_TestCase" name="test" time="143.331"/>
</testsuite> <!-- Assignment.Fitpeo_TestCase -->
